<?xml version="1.0" encoding="UTF-8"?>
<!-- Generated by org.testng.reporters.JUnitReportReporter -->
<testsuite hostname="DESKTOP-1OTBL48" failures="0" tests="2" name="org.capstone.TestPackage.TestCase6" time="125.445" errors="0" timestamp="22 Jun 2023 13:24:08 GMT" skipped="0">
  <testcase classname="org.capstone.TestPackage.TestCase6" name="testCase6" time="34.646"/>
  <testcase classname="org.capstone.TestPackage.TestCase6" name="testCase6" time="90.799"/>
</testsuite> <!-- org.capstone.TestPackage.TestCase6 -->
