<?xml version="1.0" encoding="UTF-8"?>
<!-- Generated by org.testng.reporters.JUnitReportReporter -->
<testsuite hostname="DESKTOP-1OTBL48" failures="0" tests="2" name="org.capstone.TestPackage.TestCase4" time="91.342" errors="0" timestamp="22 Jun 2023 13:24:08 GMT" skipped="0">
  <testcase classname="org.capstone.TestPackage.TestCase4" name="testCase4" time="36.587"/>
  <testcase classname="org.capstone.TestPackage.TestCase4" name="testCase4" time="54.755"/>
</testsuite> <!-- org.capstone.TestPackage.TestCase4 -->
